[2023-04-29 19:42:58.651348] Waiting for device
[2023-05-04 20:30:38.068113] Waiting for device
[2023-05-04 20:30:47.832072] Found device = 0e8d:0003
[2023-05-04 20:30:48.018219] Device hw code: 0x766
[2023-05-04 20:30:48.018219] Device hw sub code: 0x8a00
[2023-05-04 20:30:48.019218] Device hw version: 0xca00
[2023-05-04 20:30:48.019218] Device sw version: 0x0
[2023-05-04 20:30:48.019218] Device secure boot: True
[2023-05-04 20:30:48.019218] Device serial link authorization: True
[2023-05-04 20:30:48.020219] Device download agent authorization: True
[2023-05-04 20:30:48.020219] Disabling watchdog timer
[2023-05-04 20:30:48.021219] Disabling protection
[2023-05-04 20:30:48.039233] Protection disabled
[2023-05-04 23:36:15.525273] Waiting for device
[2023-05-04 23:36:28.037685] Found device = 0e8d:0003
[2023-05-04 23:36:28.222835] Device hw code: 0x766
[2023-05-04 23:36:28.222835] Device hw sub code: 0x8a00
[2023-05-04 23:36:28.222835] Device hw version: 0xca00
[2023-05-04 23:36:28.223834] Device sw version: 0x0
[2023-05-04 23:36:28.223834] Device secure boot: True
[2023-05-04 23:36:28.223834] Device serial link authorization: True
[2023-05-04 23:36:28.224835] Device download agent authorization: True
[2023-05-04 23:36:28.224835] Disabling watchdog timer
[2023-05-04 23:36:28.225836] Disabling protection
[2023-05-04 23:36:28.243850] Protection disabled
[2023-05-04 23:37:54.580613] Waiting for device
[2023-05-04 23:38:09.343103] Found device = 0e8d:0003
[2023-05-04 23:38:09.553259] Device hw code: 0x766
[2023-05-04 23:38:09.554260] Device hw sub code: 0x8a00
[2023-05-04 23:38:09.555261] Device hw version: 0xca00
[2023-05-04 23:38:09.555261] Device sw version: 0x0
[2023-05-04 23:38:09.555261] Device secure boot: True
[2023-05-04 23:38:09.556261] Device serial link authorization: True
[2023-05-04 23:38:09.556261] Device download agent authorization: True
[2023-05-04 23:38:09.556261] Disabling watchdog timer
[2023-05-04 23:38:09.557261] Disabling protection
[2023-05-04 23:38:09.575274] Protection disabled
[2023-05-04 23:43:26.255015] Waiting for device
[2023-05-04 23:43:35.764311] Found device = 0e8d:0003
[2023-05-04 23:43:35.946460] Device hw code: 0x766
[2023-05-04 23:43:35.946460] Device hw sub code: 0x8a00
[2023-05-04 23:43:35.946460] Device hw version: 0xca00
[2023-05-04 23:43:35.947460] Device sw version: 0x0
[2023-05-04 23:43:35.947460] Device secure boot: True
[2023-05-04 23:43:35.947460] Device serial link authorization: True
[2023-05-04 23:43:35.948461] Device download agent authorization: True
[2023-05-04 23:43:35.948461] Disabling watchdog timer
[2023-05-04 23:43:35.949462] Disabling protection
[2023-05-04 23:43:35.967477] Protection disabled
[2023-05-04 23:48:45.158093] Waiting for device
[2023-05-04 23:48:45.159094] Found device = 0e8d:0003
[2023-05-04 23:48:45.342243] Device hw code: 0x766
[2023-05-04 23:48:45.342243] Device hw sub code: 0x8a00
[2023-05-04 23:48:45.342243] Device hw version: 0xca00
[2023-05-04 23:48:45.343244] Device sw version: 0x0
[2023-05-04 23:48:45.343244] Device secure boot: False
[2023-05-04 23:48:45.343244] Device serial link authorization: False
[2023-05-04 23:48:45.343244] Device download agent authorization: False
[2023-05-04 23:48:45.344244] Disabling watchdog timer
[2023-05-04 23:48:45.345245] Insecure device, sending payload using send_da
[2023-05-04 23:48:45.389278] Found send_dword, dumping bootrom to bootrom_766.bin
[2023-05-04 23:48:56.006819] Waiting for device
[2023-05-04 23:48:56.007820] Found device = 0e8d:0003
[2023-05-04 23:49:05.669189] Waiting for device
[2023-05-04 23:49:11.425784] Found device = 0e8d:0003
[2023-05-04 23:49:11.605916] Device hw code: 0x766
[2023-05-04 23:49:11.605916] Device hw sub code: 0x8a00
[2023-05-04 23:49:11.606917] Device hw version: 0xca00
[2023-05-04 23:49:11.606917] Device sw version: 0x0
[2023-05-04 23:49:11.606917] Device secure boot: True
[2023-05-04 23:49:11.606917] Device serial link authorization: True
[2023-05-04 23:49:11.607918] Device download agent authorization: True
[2023-05-04 23:49:11.607918] Disabling watchdog timer
[2023-05-04 23:49:11.608918] Disabling protection
[2023-05-04 23:49:11.625932] Protection disabled
[2023-05-04 23:59:41.934615] Waiting for device
[2023-05-04 23:59:46.940722] Found device = 0e8d:0003
[2023-05-04 23:59:47.119868] Device hw code: 0x766
[2023-05-04 23:59:47.119868] Device hw sub code: 0x8a00
[2023-05-04 23:59:47.119868] Device hw version: 0xca00
[2023-05-04 23:59:47.120868] Device sw version: 0x0
[2023-05-04 23:59:47.120868] Device secure boot: True
[2023-05-04 23:59:47.120868] Device serial link authorization: True
[2023-05-04 23:59:47.121869] Device download agent authorization: True
[2023-05-04 23:59:47.121869] Disabling watchdog timer
[2023-05-04 23:59:47.122870] Disabling protection
[2023-05-04 23:59:47.140882] Protection disabled
